2024-11-14 19:46:41 - INFO - Запуск бота...
2024-11-14 19:46:41 - INFO - База данных инициализирована
2024-11-14 19:46:41 - INFO - AuthHandler инициализирован
2024-11-14 19:46:41 - INFO - Приложение создано с токеном: 7892353308...
2024-11-14 19:46:41 - INFO - Добавление обработчика конверсации
2024-11-14 19:46:41 - INFO - Запуск процесса поллинга
2024-11-14 19:46:47 - DEBUG - Вызвана команда start пользователем 6121074409
2024-11-14 19:46:48 - DEBUG - Отправлено стартовое меню
2024-11-14 19:46:53 - ERROR - Произошла ошибка: 'NoneType' object has no attribute 'reply_text'
2024-11-14 19:46:53 - ERROR - 'NoneType' object has no attribute 'reply_text'
Traceback (most recent call last):
  File "C:\Users\anxiety\AppData\Local\Programs\Python\Python313\Lib\site-packages\telegram\ext\_application.py", line 1319, in process_update
    await coroutine
  File "C:\Users\anxiety\AppData\Local\Programs\Python\Python313\Lib\site-packages\telegram\ext\_handlers\conversationhandler.py", line 844, in handle_update
    new_state: object = await handler.handle_update(
                        ^^^^^^^^^^^^^^^^^^^^^^^^^^^^
        update, application, handler_check_result, context
        ^^^^^^^^^^^^^^^^^^^^^^^^^^^^^^^^^^^^^^^^^^^^^^^^^^
    )
    ^
  File "C:\Users\anxiety\AppData\Local\Programs\Python\Python313\Lib\site-packages\telegram\ext\_handlers\basehandler.py", line 158, in handle_update
    return await self.callback(update, context)
           ^^^^^^^^^^^^^^^^^^^^^^^^^^^^^^^^^^^^
  File "C:\Users\anxiety\.cursor-tutor\handlers\auth_handler.py", line 1262, in handle_callback
    return await self.authorize(update, context)
           ^^^^^^^^^^^^^^^^^^^^^^^^^^^^^^^^^^^^^
  File "C:\Users\anxiety\.cursor-tutor\handlers\auth_handler.py", line 254, in authorize
    await update.message.reply_text(
          ^^^^^^^^^^^^^^^^^^^^^^^^^
AttributeError: 'NoneType' object has no attribute 'reply_text'
2024-11-14 19:46:58 - DEBUG - Начало регистрации для пользователя 6121074409
2024-11-14 19:46:58 - ERROR - Произошла ошибка: 'NoneType' object has no attribute 'reply_text'
2024-11-14 19:46:58 - ERROR - 'NoneType' object has no attribute 'reply_text'
Traceback (most recent call last):
  File "C:\Users\anxiety\AppData\Local\Programs\Python\Python313\Lib\site-packages\telegram\ext\_application.py", line 1319, in process_update
    await coroutine
  File "C:\Users\anxiety\AppData\Local\Programs\Python\Python313\Lib\site-packages\telegram\ext\_handlers\conversationhandler.py", line 844, in handle_update
    new_state: object = await handler.handle_update(
                        ^^^^^^^^^^^^^^^^^^^^^^^^^^^^
        update, application, handler_check_result, context
        ^^^^^^^^^^^^^^^^^^^^^^^^^^^^^^^^^^^^^^^^^^^^^^^^^^
    )
    ^
  File "C:\Users\anxiety\AppData\Local\Programs\Python\Python313\Lib\site-packages\telegram\ext\_handlers\basehandler.py", line 158, in handle_update
    return await self.callback(update, context)
           ^^^^^^^^^^^^^^^^^^^^^^^^^^^^^^^^^^^^
  File "C:\Users\anxiety\.cursor-tutor\handlers\auth_handler.py", line 1260, in handle_callback
    return await self.register(update, context)
           ^^^^^^^^^^^^^^^^^^^^^^^^^^^^^^^^^^^^
  File "C:\Users\anxiety\.cursor-tutor\handlers\auth_handler.py", line 209, in register
    await update.message.reply_text(
          ^^^^^^^^^^^^^^^^^^^^^^^^^
AttributeError: 'NoneType' object has no attribute 'reply_text'
2024-11-14 19:46:58 - ERROR - Произошла ошибка: 'NoneType' object has no attribute 'reply_text'
2024-11-14 19:46:58 - ERROR - 'NoneType' object has no attribute 'reply_text'
Traceback (most recent call last):
  File "C:\Users\anxiety\AppData\Local\Programs\Python\Python313\Lib\site-packages\telegram\ext\_application.py", line 1319, in process_update
    await coroutine
  File "C:\Users\anxiety\AppData\Local\Programs\Python\Python313\Lib\site-packages\telegram\ext\_handlers\conversationhandler.py", line 844, in handle_update
    new_state: object = await handler.handle_update(
                        ^^^^^^^^^^^^^^^^^^^^^^^^^^^^
        update, application, handler_check_result, context
        ^^^^^^^^^^^^^^^^^^^^^^^^^^^^^^^^^^^^^^^^^^^^^^^^^^
    )
    ^
  File "C:\Users\anxiety\AppData\Local\Programs\Python\Python313\Lib\site-packages\telegram\ext\_handlers\basehandler.py", line 158, in handle_update
    return await self.callback(update, context)
           ^^^^^^^^^^^^^^^^^^^^^^^^^^^^^^^^^^^^
  File "C:\Users\anxiety\.cursor-tutor\handlers\auth_handler.py", line 1266, in handle_callback
    return await self.start_store_auth(update, context)
           ^^^^^^^^^^^^^^^^^^^^^^^^^^^^^^^^^^^^^^^^^^^^
  File "C:\Users\anxiety\.cursor-tutor\handlers\auth_handler.py", line 976, in start_store_auth
    await update.message.reply_text(
          ^^^^^^^^^^^^^^^^^^^^^^^^^
AttributeError: 'NoneType' object has no attribute 'reply_text'
2024-11-14 19:46:59 - ERROR - Произошла ошибка: 'NoneType' object has no attribute 'reply_text'
2024-11-14 19:46:59 - ERROR - 'NoneType' object has no attribute 'reply_text'
Traceback (most recent call last):
  File "C:\Users\anxiety\AppData\Local\Programs\Python\Python313\Lib\site-packages\telegram\ext\_application.py", line 1319, in process_update
    await coroutine
  File "C:\Users\anxiety\AppData\Local\Programs\Python\Python313\Lib\site-packages\telegram\ext\_handlers\conversationhandler.py", line 844, in handle_update
    new_state: object = await handler.handle_update(
                        ^^^^^^^^^^^^^^^^^^^^^^^^^^^^
        update, application, handler_check_result, context
        ^^^^^^^^^^^^^^^^^^^^^^^^^^^^^^^^^^^^^^^^^^^^^^^^^^
    )
    ^
  File "C:\Users\anxiety\AppData\Local\Programs\Python\Python313\Lib\site-packages\telegram\ext\_handlers\basehandler.py", line 158, in handle_update
    return await self.callback(update, context)
           ^^^^^^^^^^^^^^^^^^^^^^^^^^^^^^^^^^^^
  File "C:\Users\anxiety\.cursor-tutor\handlers\auth_handler.py", line 1264, in handle_callback
    return await self.start_add_store(update, context)
           ^^^^^^^^^^^^^^^^^^^^^^^^^^^^^^^^^^^^^^^^^^^
  File "C:\Users\anxiety\.cursor-tutor\handlers\auth_handler.py", line 432, in start_add_store
    await update.message.reply_text(
          ^^^^^^^^^^^^^^^^^^^^^^^^^
AttributeError: 'NoneType' object has no attribute 'reply_text'
2024-11-14 19:47:27 - DEBUG - Вызвана команда start пользователем 6121074409
2024-11-14 19:47:27 - DEBUG - Отправлено стартовое меню
2024-11-14 19:47:48 - ERROR - Произошла ошибка: 'NoneType' object has no attribute 'reply_text'
2024-11-14 19:47:48 - ERROR - 'NoneType' object has no attribute 'reply_text'
Traceback (most recent call last):
  File "C:\Users\anxiety\AppData\Local\Programs\Python\Python313\Lib\site-packages\telegram\ext\_application.py", line 1319, in process_update
    await coroutine
  File "C:\Users\anxiety\AppData\Local\Programs\Python\Python313\Lib\site-packages\telegram\ext\_handlers\conversationhandler.py", line 844, in handle_update
    new_state: object = await handler.handle_update(
                        ^^^^^^^^^^^^^^^^^^^^^^^^^^^^
        update, application, handler_check_result, context
        ^^^^^^^^^^^^^^^^^^^^^^^^^^^^^^^^^^^^^^^^^^^^^^^^^^
    )
    ^
  File "C:\Users\anxiety\AppData\Local\Programs\Python\Python313\Lib\site-packages\telegram\ext\_handlers\basehandler.py", line 158, in handle_update
    return await self.callback(update, context)
           ^^^^^^^^^^^^^^^^^^^^^^^^^^^^^^^^^^^^
  File "C:\Users\anxiety\.cursor-tutor\handlers\auth_handler.py", line 1266, in handle_callback
    return await self.start_store_auth(update, context)
           ^^^^^^^^^^^^^^^^^^^^^^^^^^^^^^^^^^^^^^^^^^^^
  File "C:\Users\anxiety\.cursor-tutor\handlers\auth_handler.py", line 976, in start_store_auth
    await update.message.reply_text(
          ^^^^^^^^^^^^^^^^^^^^^^^^^
AttributeError: 'NoneType' object has no attribute 'reply_text'
2024-11-14 19:47:49 - ERROR - Произошла ошибка: 'NoneType' object has no attribute 'reply_text'
2024-11-14 19:47:49 - ERROR - 'NoneType' object has no attribute 'reply_text'
Traceback (most recent call last):
  File "C:\Users\anxiety\AppData\Local\Programs\Python\Python313\Lib\site-packages\telegram\ext\_application.py", line 1319, in process_update
    await coroutine
  File "C:\Users\anxiety\AppData\Local\Programs\Python\Python313\Lib\site-packages\telegram\ext\_handlers\conversationhandler.py", line 844, in handle_update
    new_state: object = await handler.handle_update(
                        ^^^^^^^^^^^^^^^^^^^^^^^^^^^^
        update, application, handler_check_result, context
        ^^^^^^^^^^^^^^^^^^^^^^^^^^^^^^^^^^^^^^^^^^^^^^^^^^
    )
    ^
  File "C:\Users\anxiety\AppData\Local\Programs\Python\Python313\Lib\site-packages\telegram\ext\_handlers\basehandler.py", line 158, in handle_update
    return await self.callback(update, context)
           ^^^^^^^^^^^^^^^^^^^^^^^^^^^^^^^^^^^^
  File "C:\Users\anxiety\.cursor-tutor\handlers\auth_handler.py", line 1264, in handle_callback
    return await self.start_add_store(update, context)
           ^^^^^^^^^^^^^^^^^^^^^^^^^^^^^^^^^^^^^^^^^^^
  File "C:\Users\anxiety\.cursor-tutor\handlers\auth_handler.py", line 432, in start_add_store
    await update.message.reply_text(
          ^^^^^^^^^^^^^^^^^^^^^^^^^
AttributeError: 'NoneType' object has no attribute 'reply_text'
