2024-11-14 15:25:24 - INFO - Запуск бота...
2024-11-14 15:25:24 - INFO - База данных инициализирована
2024-11-14 15:25:24 - INFO - AuthHandler инициализирован
2024-11-14 15:25:25 - INFO - Приложение создано с токеном: 7892353308...
2024-11-14 15:25:25 - INFO - Добавление обработчика конверсации
2024-11-14 15:25:25 - INFO - Запуск процесса поллинга
2024-11-14 15:25:31 - DEBUG - Вызвана команда start пользователем 6121074409
2024-11-14 15:25:31 - DEBUG - Отправлено стартовое меню
2024-11-14 15:25:34 - DEBUG - Получен штрих-код: 80004370
2024-11-14 15:25:46 - DEBUG - Пользователь 6121074409 вышел из системы
2024-11-14 15:25:46 - DEBUG - Вызвана команда start пользователем 6121074409
2024-11-14 15:25:47 - DEBUG - Отправлено стартовое меню
2024-11-14 15:25:47 - DEBUG - Начало регистрации для пользователя 6121074409
2024-11-14 15:25:50 - DEBUG - Получено ФИО: Горбуыва
2024-11-14 15:25:51 - DEBUG - Получен штрих-код: 70003314
2024-11-14 15:26:06 - DEBUG - Пользователь 6121074409 вышел из системы
2024-11-14 15:26:06 - DEBUG - Вызвана команда start пользователем 6121074409
2024-11-14 15:26:06 - DEBUG - Отправлено стартовое меню
2024-11-14 15:26:16 - DEBUG - Получен штрих-код: 70003314
2024-11-14 15:26:21 - DEBUG - Вызвана команда start пользователем 6121074409
2024-11-14 15:26:22 - DEBUG - Отправлено стартовое меню
2024-11-14 15:26:22 - DEBUG - Начало регистрации для пользователя 6121074409
2024-11-14 15:26:24 - DEBUG - Получено ФИО: фылдоаылдова
2024-11-14 15:26:26 - DEBUG - Получен штрих-код: 70003314
