2024-11-14 19:36:25 - INFO - Запуск бота...
2024-11-14 19:36:25 - INFO - База данных инициализирована
2024-11-14 19:36:25 - INFO - AuthHandler инициализирован
2024-11-14 19:36:26 - INFO - Приложение создано с токеном: 7892353308...
2024-11-14 19:36:26 - INFO - Добавление обработчика конверсации
2024-11-14 19:36:26 - INFO - Запуск процесса поллинга
2024-11-14 19:36:29 - DEBUG - Вызвана команда start пользователем 6121074409
2024-11-14 19:36:29 - DEBUG - Отправлено стартовое меню
2024-11-14 19:36:33 - ERROR - Произошла ошибка: 'DatabaseHandler' object has no attribute 'get_schedule'
2024-11-14 19:36:33 - ERROR - 'DatabaseHandler' object has no attribute 'get_schedule'
Traceback (most recent call last):
  File "C:\Users\anxiety\AppData\Local\Programs\Python\Python313\Lib\site-packages\telegram\ext\_application.py", line 1319, in process_update
    await coroutine
  File "C:\Users\anxiety\AppData\Local\Programs\Python\Python313\Lib\site-packages\telegram\ext\_handlers\conversationhandler.py", line 844, in handle_update
    new_state: object = await handler.handle_update(
                        ^^^^^^^^^^^^^^^^^^^^^^^^^^^^
        update, application, handler_check_result, context
        ^^^^^^^^^^^^^^^^^^^^^^^^^^^^^^^^^^^^^^^^^^^^^^^^^^
    )
    ^
  File "C:\Users\anxiety\AppData\Local\Programs\Python\Python313\Lib\site-packages\telegram\ext\_handlers\basehandler.py", line 158, in handle_update
    return await self.callback(update, context)
           ^^^^^^^^^^^^^^^^^^^^^^^^^^^^^^^^^^^^
  File "C:\Users\anxiety\.cursor-tutor\handlers\auth_handler.py", line 1054, in view_schedule
    schedule = self.db.get_schedule(user_id, work_store_id, current_month)
               ^^^^^^^^^^^^^^^^^^^^
AttributeError: 'DatabaseHandler' object has no attribute 'get_schedule'
