2024-11-14 14:50:40 - INFO - Запуск бота...
2024-11-14 14:50:40 - INFO - База данных инициализирована
2024-11-14 14:50:40 - INFO - AuthHandler инициализирован
2024-11-14 14:50:41 - INFO - Приложение создано с токеном: 7892353308...
2024-11-14 14:50:41 - INFO - Добавление обработчика конверсации
2024-11-14 14:50:41 - INFO - Запуск процесса поллинга
2024-11-14 14:50:52 - DEBUG - Вызвана команда start пользователем 6121074409
2024-11-14 14:50:53 - DEBUG - Отправлено стартовое меню
2024-11-14 14:50:55 - ERROR - Произошла ошибка: too many values to unpack (expected 6)
2024-11-14 14:50:55 - ERROR - too many values to unpack (expected 6)
Traceback (most recent call last):
  File "C:\Users\anxiety\AppData\Local\Programs\Python\Python313\Lib\site-packages\telegram\ext\_application.py", line 1319, in process_update
    await coroutine
  File "C:\Users\anxiety\AppData\Local\Programs\Python\Python313\Lib\site-packages\telegram\ext\_handlers\conversationhandler.py", line 844, in handle_update
    new_state: object = await handler.handle_update(
                        ^^^^^^^^^^^^^^^^^^^^^^^^^^^^
        update, application, handler_check_result, context
        ^^^^^^^^^^^^^^^^^^^^^^^^^^^^^^^^^^^^^^^^^^^^^^^^^^
    )
    ^
  File "C:\Users\anxiety\AppData\Local\Programs\Python\Python313\Lib\site-packages\telegram\ext\_handlers\basehandler.py", line 158, in handle_update
    return await self.callback(update, context)
           ^^^^^^^^^^^^^^^^^^^^^^^^^^^^^^^^^^^^
  File "C:\Users\anxiety\.cursor-tutor\handlers\auth_handler.py", line 257, in check_auth_barcode
    profile_text = await self.format_profile_info(user_data, user_id)
                   ^^^^^^^^^^^^^^^^^^^^^^^^^^^^^^^^^^^^^^^^^^^^^^^^^^
  File "C:\Users\anxiety\.cursor-tutor\handlers\auth_handler.py", line 54, in format_profile_info
    full_name, barcode, hire_date, position, is_admin, work_store_id = user_data
    ^^^^^^^^^^^^^^^^^^^^^^^^^^^^^^^^^^^^^^^^^^^^^^^^^^^^^^^^^^^^^^^^
ValueError: too many values to unpack (expected 6)
2024-11-14 14:51:07 - DEBUG - Вызвана команда start пользователем 6121074409
2024-11-14 14:51:07 - DEBUG - Отправлено стартовое меню
2024-11-14 14:51:10 - ERROR - Произошла ошибка: too many values to unpack (expected 6)
2024-11-14 14:51:10 - ERROR - too many values to unpack (expected 6)
Traceback (most recent call last):
  File "C:\Users\anxiety\AppData\Local\Programs\Python\Python313\Lib\site-packages\telegram\ext\_application.py", line 1319, in process_update
    await coroutine
  File "C:\Users\anxiety\AppData\Local\Programs\Python\Python313\Lib\site-packages\telegram\ext\_handlers\conversationhandler.py", line 844, in handle_update
    new_state: object = await handler.handle_update(
                        ^^^^^^^^^^^^^^^^^^^^^^^^^^^^
        update, application, handler_check_result, context
        ^^^^^^^^^^^^^^^^^^^^^^^^^^^^^^^^^^^^^^^^^^^^^^^^^^
    )
    ^
  File "C:\Users\anxiety\AppData\Local\Programs\Python\Python313\Lib\site-packages\telegram\ext\_handlers\basehandler.py", line 158, in handle_update
    return await self.callback(update, context)
           ^^^^^^^^^^^^^^^^^^^^^^^^^^^^^^^^^^^^
  File "C:\Users\anxiety\.cursor-tutor\handlers\auth_handler.py", line 257, in check_auth_barcode
    profile_text = await self.format_profile_info(user_data, user_id)
                   ^^^^^^^^^^^^^^^^^^^^^^^^^^^^^^^^^^^^^^^^^^^^^^^^^^
  File "C:\Users\anxiety\.cursor-tutor\handlers\auth_handler.py", line 54, in format_profile_info
    full_name, barcode, hire_date, position, is_admin, work_store_id = user_data
    ^^^^^^^^^^^^^^^^^^^^^^^^^^^^^^^^^^^^^^^^^^^^^^^^^^^^^^^^^^^^^^^^
ValueError: too many values to unpack (expected 6)
