2024-11-14 14:01:58 - INFO - Запуск бота...
2024-11-14 14:01:58 - INFO - База данных инициализирована
2024-11-14 14:01:58 - INFO - AuthHandler инициализирован
2024-11-14 14:01:59 - INFO - Приложение создано с токеном: 7892353308...
2024-11-14 14:01:59 - INFO - Добавление обработчика конверсации
2024-11-14 14:01:59 - INFO - Запуск процесса поллинга
2024-11-14 14:02:02 - DEBUG - Вызвана команда start пользователем 6121074409
2024-11-14 14:02:02 - DEBUG - Отправлено стартовое меню
2024-11-14 14:03:05 - DEBUG - Пользователь 6121074409 вышел из системы
2024-11-14 14:03:05 - DEBUG - Вызвана команда start пользователем 6121074409
2024-11-14 14:03:05 - DEBUG - Отправлено стартовое меню
2024-11-14 14:03:37 - DEBUG - Пользователь 6121074409 вышел из системы
2024-11-14 14:03:37 - DEBUG - Вызвана команда start пользователем 6121074409
2024-11-14 14:03:37 - DEBUG - Отправлено стартовое меню
2024-11-14 14:03:51 - DEBUG - Пользователь 6121074409 вышел из системы
2024-11-14 14:03:51 - DEBUG - Вызвана команда start пользователем 6121074409
2024-11-14 14:03:51 - DEBUG - Отправлено стартовое меню
2024-11-14 14:03:52 - DEBUG - Начало регистрации для пользователя 6121074409
2024-11-14 14:03:53 - DEBUG - Получено ФИО: ↩️ Назад
2024-11-14 14:03:53 - DEBUG - Вызвана команда start пользователем 6121074409
2024-11-14 14:03:53 - DEBUG - Отправлено стартовое меню
2024-11-14 14:04:15 - DEBUG - Начало регистрации для пользователя 6121074409
2024-11-14 14:04:22 - DEBUG - Получено ФИО: Синяков Юрий Сергеевич
