2024-11-14 19:36:55 - INFO - Запуск бота...
2024-11-14 19:36:55 - INFO - База данных инициализирована
2024-11-14 19:36:55 - INFO - AuthHandler инициализирован
2024-11-14 19:36:55 - INFO - Приложение создано с токеном: 7892353308...
2024-11-14 19:36:55 - INFO - Добавление обработчика конверсации
2024-11-14 19:36:55 - INFO - Запуск процесса поллинга
2024-11-14 19:36:58 - DEBUG - Вызвана команда start пользователем 6121074409
2024-11-14 19:36:58 - DEBUG - Отправлено стартовое меню
2024-11-14 19:37:04 - ERROR - Произошла ошибка: replace() takes at least 2 positional arguments (0 given)
2024-11-14 19:37:04 - ERROR - replace() takes at least 2 positional arguments (0 given)
Traceback (most recent call last):
  File "C:\Users\anxiety\AppData\Local\Programs\Python\Python313\Lib\site-packages\telegram\ext\_application.py", line 1319, in process_update
    await coroutine
  File "C:\Users\anxiety\AppData\Local\Programs\Python\Python313\Lib\site-packages\telegram\ext\_handlers\conversationhandler.py", line 844, in handle_update
    new_state: object = await handler.handle_update(
                        ^^^^^^^^^^^^^^^^^^^^^^^^^^^^
        update, application, handler_check_result, context
        ^^^^^^^^^^^^^^^^^^^^^^^^^^^^^^^^^^^^^^^^^^^^^^^^^^
    )
    ^
  File "C:\Users\anxiety\AppData\Local\Programs\Python\Python313\Lib\site-packages\telegram\ext\_handlers\basehandler.py", line 158, in handle_update
    return await self.callback(update, context)
           ^^^^^^^^^^^^^^^^^^^^^^^^^^^^^^^^^^^^
  File "C:\Users\anxiety\.cursor-tutor\handlers\auth_handler.py", line 1083, in view_schedule
    substitutions = self.db.get_user_substitutions(user_id, current_month)
  File "C:\Users\anxiety\.cursor-tutor\database\db_handler.py", line 396, in get_user_substitutions
    month_start = month.replace(day=1).strftime('%Y-%m-%d')
                  ~~~~~~~~~~~~~^^^^^^^
TypeError: replace() takes at least 2 positional arguments (0 given)
