2024-11-14 16:09:03 - INFO - Запуск бота...
2024-11-14 16:09:03 - INFO - База данных инициализирована
2024-11-14 16:09:03 - INFO - AuthHandler инициализирован
2024-11-14 16:09:03 - INFO - Приложение создано с токеном: 7892353308...
2024-11-14 16:09:03 - INFO - Добавление обработчика конверсации
2024-11-14 16:09:03 - INFO - Запуск процесса поллинга
2024-11-14 16:09:15 - DEBUG - Вызвана команда start пользователем 6121074409
2024-11-14 16:09:16 - DEBUG - Отправлено стартовое меню
2024-11-14 16:09:41 - DEBUG - Пользователь 6121074409 вышел из системы
2024-11-14 16:09:41 - DEBUG - Вызвана команда start пользователем 6121074409
2024-11-14 16:09:41 - DEBUG - Отправлено стартовое меню
2024-11-14 16:09:48 - DEBUG - Пользователь 6121074409 вышел из системы
2024-11-14 16:09:48 - DEBUG - Вызвана команда start пользователем 6121074409
2024-11-14 16:09:48 - DEBUG - Отправлено стартовое меню
2024-11-14 16:10:26 - DEBUG - Пользователь 6121074409 вышел из системы
2024-11-14 16:10:26 - DEBUG - Вызвана команда start пользователем 6121074409
2024-11-14 16:10:26 - DEBUG - Отправлено стартовое меню
2024-11-14 16:12:12 - DEBUG - Пользователь 6121074409 вышел из системы
2024-11-14 16:12:12 - DEBUG - Вызвана команда start пользователем 6121074409
2024-11-14 16:12:12 - DEBUG - Отправлено стартовое меню
2024-11-14 16:12:22 - DEBUG - Пользователь 6121074409 вышел из системы
2024-11-14 16:12:22 - DEBUG - Вызвана команда start пользователем 6121074409
2024-11-14 16:12:22 - DEBUG - Отправлено стартовое меню
