2024-11-15 00:13:46 - INFO - Запуск бота...
2024-11-15 00:13:46 - INFO - База данных инициализирована
2024-11-15 00:13:46 - INFO - AuthHandler инициализирован
2024-11-15 00:13:47 - INFO - Приложение создано с токеном: 7892353308...
2024-11-15 00:13:47 - INFO - Добавление обработчика конверсации
2024-11-15 00:13:47 - INFO - Запуск процесса поллинга
2024-11-15 00:15:06 - DEBUG - Вызвана команда start пользователем 6121074409
2024-11-15 00:15:07 - DEBUG - Отправлено стартовое меню
2024-11-15 00:15:10 - DEBUG - Вызвана команда start пользователем 6121074409
2024-11-15 00:15:11 - DEBUG - Отправлено стартовое меню
2024-11-15 00:15:12 - DEBUG - Начало регистрации для пользователя 6121074409
2024-11-15 00:15:13 - DEBUG - Получено ФИО: ↩️ Назад
2024-11-15 00:15:13 - DEBUG - Вызвана команда start пользователем 6121074409
2024-11-15 00:15:13 - DEBUG - Отправлено стартовое меню
2024-11-15 00:15:17 - DEBUG - Вызвана команда start пользователем 5104161932
2024-11-15 00:15:17 - DEBUG - Отправлено стартовое меню
2024-11-15 00:15:19 - DEBUG - Вызвана команда start пользователем 5104161932
2024-11-15 00:15:19 - DEBUG - Отправлено стартовое меню
2024-11-15 00:15:20 - DEBUG - Начало регистрации для пользователя 5104161932
2024-11-15 00:15:22 - DEBUG - Получено ФИО: ↩️ Назад
2024-11-15 00:15:22 - DEBUG - Вызвана команда start пользователем 5104161932
2024-11-15 00:15:22 - DEBUG - Отправлено стартовое меню
