2024-11-14 13:35:09 - INFO - Запуск бота...
2024-11-14 13:35:09 - INFO - База данных инициализирована
2024-11-14 13:35:09 - INFO - AuthHandler инициализирован
2024-11-14 13:35:10 - INFO - Приложение создано с токеном: 7892353308...
2024-11-14 13:35:10 - INFO - Добавление обработчика конверсации
2024-11-14 13:35:10 - INFO - Запуск процесса поллинга
2024-11-14 13:35:14 - DEBUG - Вызвана команда start пользователем 6121074409
2024-11-14 13:35:14 - DEBUG - Отправлено стартовое меню
2024-11-14 13:35:20 - DEBUG - Пользователь 6121074409 вышел из системы
2024-11-14 13:35:20 - DEBUG - Вызвана команда start пользователем 6121074409
2024-11-14 13:35:20 - DEBUG - Отправлено стартовое меню
2024-11-14 13:35:28 - DEBUG - Пользователь 6121074409 вышел из системы
2024-11-14 13:35:28 - DEBUG - Вызвана команда start пользователем 6121074409
2024-11-14 13:35:28 - DEBUG - Отправлено стартовое меню
2024-11-14 13:35:34 - DEBUG - Пользователь 6121074409 вышел из системы
2024-11-14 13:35:34 - DEBUG - Вызвана команда start пользователем 6121074409
2024-11-14 13:35:35 - DEBUG - Отправлено стартовое меню
2024-11-14 13:35:46 - DEBUG - Начало регистрации для пользователя 6121074409
2024-11-14 13:35:51 - DEBUG - Получено ФИО: Энергетик
2024-11-14 13:36:06 - DEBUG - Пользователь 6121074409 вышел из системы
2024-11-14 13:36:06 - DEBUG - Вызвана команда start пользователем 6121074409
2024-11-14 13:36:06 - DEBUG - Отправлено стартовое меню
2024-11-14 13:36:12 - DEBUG - Пользователь 6121074409 вышел из системы
2024-11-14 13:36:12 - DEBUG - Вызвана команда start пользователем 6121074409
2024-11-14 13:36:12 - DEBUG - Отправлено стартовое меню
2024-11-14 13:36:23 - DEBUG - Пользователь 6121074409 вышел из системы
2024-11-14 13:36:23 - DEBUG - Вызвана команда start пользователем 6121074409
2024-11-14 13:36:23 - DEBUG - Отправлено стартовое меню
2024-11-14 13:41:28 - INFO - Бот остановлен пользователем
