2024-11-14 15:05:22 - INFO - Запуск бота...
2024-11-14 15:05:22 - INFO - База данных инициализирована
2024-11-14 15:05:22 - INFO - AuthHandler инициализирован
2024-11-14 15:05:23 - INFO - Приложение создано с токеном: 7892353308...
2024-11-14 15:05:23 - INFO - Добавление обработчика конверсации
2024-11-14 15:05:23 - INFO - Запуск процесса поллинга
2024-11-14 15:05:27 - DEBUG - Вызвана команда start пользователем 6121074409
2024-11-14 15:05:27 - DEBUG - Отправлено стартовое меню
2024-11-14 15:05:30 - DEBUG - Получен штрих-код: 80004370
2024-11-14 15:05:36 - ERROR - Произошла ошибка: too many values to unpack (expected 6)
2024-11-14 15:05:36 - ERROR - too many values to unpack (expected 6)
Traceback (most recent call last):
  File "C:\Users\anxiety\AppData\Local\Programs\Python\Python313\Lib\site-packages\telegram\ext\_application.py", line 1319, in process_update
    await coroutine
  File "C:\Users\anxiety\AppData\Local\Programs\Python\Python313\Lib\site-packages\telegram\ext\_handlers\conversationhandler.py", line 844, in handle_update
    new_state: object = await handler.handle_update(
                        ^^^^^^^^^^^^^^^^^^^^^^^^^^^^
        update, application, handler_check_result, context
        ^^^^^^^^^^^^^^^^^^^^^^^^^^^^^^^^^^^^^^^^^^^^^^^^^^
    )
    ^
  File "C:\Users\anxiety\AppData\Local\Programs\Python\Python313\Lib\site-packages\telegram\ext\_handlers\basehandler.py", line 158, in handle_update
    return await self.callback(update, context)
           ^^^^^^^^^^^^^^^^^^^^^^^^^^^^^^^^^^^^
  File "C:\Users\anxiety\.cursor-tutor\handlers\auth_handler.py", line 575, in handle_store_selection
    return await self.show_menu(update, context)
           ^^^^^^^^^^^^^^^^^^^^^^^^^^^^^^^^^^^^^
  File "C:\Users\anxiety\.cursor-tutor\handlers\auth_handler.py", line 96, in show_menu
    _, _, _, position, is_admin, _ = user_data
    ^^^^^^^^^^^^^^^^^^^^^^^^^^^^^^
ValueError: too many values to unpack (expected 6)
2024-11-14 15:05:52 - DEBUG - Вызвана команда start пользователем 6121074409
2024-11-14 15:05:52 - DEBUG - Отправлено стартовое меню
2024-11-14 15:05:56 - DEBUG - Получен штрих-код: 80004370
2024-11-14 15:06:04 - ERROR - Произошла ошибка: too many values to unpack (expected 6)
2024-11-14 15:06:04 - ERROR - too many values to unpack (expected 6)
Traceback (most recent call last):
  File "C:\Users\anxiety\AppData\Local\Programs\Python\Python313\Lib\site-packages\telegram\ext\_application.py", line 1319, in process_update
    await coroutine
  File "C:\Users\anxiety\AppData\Local\Programs\Python\Python313\Lib\site-packages\telegram\ext\_handlers\conversationhandler.py", line 844, in handle_update
    new_state: object = await handler.handle_update(
                        ^^^^^^^^^^^^^^^^^^^^^^^^^^^^
        update, application, handler_check_result, context
        ^^^^^^^^^^^^^^^^^^^^^^^^^^^^^^^^^^^^^^^^^^^^^^^^^^
    )
    ^
  File "C:\Users\anxiety\AppData\Local\Programs\Python\Python313\Lib\site-packages\telegram\ext\_handlers\basehandler.py", line 158, in handle_update
    return await self.callback(update, context)
           ^^^^^^^^^^^^^^^^^^^^^^^^^^^^^^^^^^^^
  File "C:\Users\anxiety\.cursor-tutor\handlers\auth_handler.py", line 575, in handle_store_selection
    return await self.show_menu(update, context)
           ^^^^^^^^^^^^^^^^^^^^^^^^^^^^^^^^^^^^^
  File "C:\Users\anxiety\.cursor-tutor\handlers\auth_handler.py", line 96, in show_menu
    _, _, _, position, is_admin, _ = user_data
    ^^^^^^^^^^^^^^^^^^^^^^^^^^^^^^
ValueError: too many values to unpack (expected 6)
