2024-11-14 20:51:36 - INFO - Запуск бота...
2024-11-14 20:51:36 - INFO - База данных инициализирована
2024-11-14 20:51:36 - INFO - AuthHandler инициализирован
2024-11-14 20:51:37 - INFO - Приложение создано с токеном: 7892353308...
2024-11-14 20:51:37 - INFO - Добавление обработчика конверсации
2024-11-14 20:51:37 - INFO - Запуск процесса поллинга
2024-11-14 20:52:06 - DEBUG - Вызвана команда start пользователем 6121074409
2024-11-14 20:52:07 - DEBUG - Отправлено стартовое меню
2024-11-14 20:52:12 - ERROR - Произошла ошибка: no such column: shift_hours
2024-11-14 20:52:12 - ERROR - no such column: shift_hours
Traceback (most recent call last):
  File "C:\Users\anxiety\AppData\Local\Programs\Python\Python313\Lib\site-packages\telegram\ext\_application.py", line 1319, in process_update
    await coroutine
  File "C:\Users\anxiety\AppData\Local\Programs\Python\Python313\Lib\site-packages\telegram\ext\_handlers\conversationhandler.py", line 844, in handle_update
    new_state: object = await handler.handle_update(
                        ^^^^^^^^^^^^^^^^^^^^^^^^^^^^
        update, application, handler_check_result, context
        ^^^^^^^^^^^^^^^^^^^^^^^^^^^^^^^^^^^^^^^^^^^^^^^^^^
    )
    ^
  File "C:\Users\anxiety\AppData\Local\Programs\Python\Python313\Lib\site-packages\telegram\ext\_handlers\basehandler.py", line 158, in handle_update
    return await self.callback(update, context)
           ^^^^^^^^^^^^^^^^^^^^^^^^^^^^^^^^^^^^
  File "C:\Users\anxiety\.cursor-tutor\handlers\auth_handler.py", line 1056, in view_schedule
    schedule = self.db.get_schedule(user_id, work_store_id, current_month)
  File "C:\Users\anxiety\.cursor-tutor\database\db_handler.py", line 370, in get_schedule
    c.execute('''SELECT schedule_data, shift_hours
    ~~~~~~~~~^^^^^^^^^^^^^^^^^^^^^^^^^^^^^^^^^^^^^
                 FROM schedules
                 ^^^^^^^^^^^^^^
                 WHERE user_id = ? AND store_id = ? AND month = ?''',
                 ^^^^^^^^^^^^^^^^^^^^^^^^^^^^^^^^^^^^^^^^^^^^^^^^^^^^
              (user_id, store_id, month))
              ^^^^^^^^^^^^^^^^^^^^^^^^^^^
sqlite3.OperationalError: no such column: shift_hours
