2024-11-14 13:27:59 - INFO - Запуск бота...
2024-11-14 13:27:59 - INFO - База данных инициализирована
2024-11-14 13:27:59 - INFO - AuthHandler инициализирован
2024-11-14 13:28:00 - INFO - Приложение создано с токеном: 7892353308...
2024-11-14 13:28:00 - INFO - Добавление обработчика конверсации
2024-11-14 13:28:00 - INFO - Запуск процесса поллинга
2024-11-14 13:28:11 - DEBUG - Вызвана команда start пользователем 6121074409
2024-11-14 13:28:11 - DEBUG - Отправлено стартовое меню
2024-11-14 13:28:21 - DEBUG - Получен штрих-код: 80004370
2024-11-14 13:28:21 - ERROR - Произошла ошибка: 'full_name'
2024-11-14 13:28:21 - ERROR - 'full_name'
Traceback (most recent call last):
  File "C:\Users\anxiety\AppData\Local\Programs\Python\Python313\Lib\site-packages\telegram\ext\_application.py", line 1319, in process_update
    await coroutine
  File "C:\Users\anxiety\AppData\Local\Programs\Python\Python313\Lib\site-packages\telegram\ext\_handlers\conversationhandler.py", line 844, in handle_update
    new_state: object = await handler.handle_update(
                        ^^^^^^^^^^^^^^^^^^^^^^^^^^^^
        update, application, handler_check_result, context
        ^^^^^^^^^^^^^^^^^^^^^^^^^^^^^^^^^^^^^^^^^^^^^^^^^^
    )
    ^
  File "C:\Users\anxiety\AppData\Local\Programs\Python\Python313\Lib\site-packages\telegram\ext\_handlers\basehandler.py", line 158, in handle_update
    return await self.callback(update, context)
           ^^^^^^^^^^^^^^^^^^^^^^^^^^^^^^^^^^^^
  File "C:\Users\anxiety\.cursor-tutor\handlers\auth_handler.py", line 137, in get_barcode
    full_name = context.user_data['full_name']
                ~~~~~~~~~~~~~~~~~^^^^^^^^^^^^^
KeyError: 'full_name'
2024-11-14 13:28:29 - DEBUG - Вызвана команда start пользователем 6121074409
2024-11-14 13:28:29 - DEBUG - Отправлено стартовое меню
2024-11-14 13:28:30 - DEBUG - Начало регистрации для пользователя 6121074409
2024-11-14 13:28:37 - DEBUG - Получено ФИО: Синяков Юрий Сергеевич
2024-11-14 13:28:39 - DEBUG - Получен штрих-код: 80004370
2024-11-14 13:28:43 - DEBUG - Пользователь 6121074409 вышел из системы
2024-11-14 13:28:43 - DEBUG - Вызвана команда start пользователем 6121074409
2024-11-14 13:28:44 - DEBUG - Отправлено стартовое меню
2024-11-14 13:28:45 - DEBUG - Получен штрих-код: 80004370
2024-11-14 13:28:45 - INFO - Найден существующий пользователь по штрих-коду 80004370
2024-11-14 13:28:47 - DEBUG - Пользователь 6121074409 вышел из системы
2024-11-14 13:28:47 - DEBUG - Вызвана команда start пользователем 6121074409
2024-11-14 13:28:47 - DEBUG - Отправлено стартовое меню
2024-11-14 13:28:49 - DEBUG - Получен штрих-код: 70003314
2024-11-14 13:29:16 - DEBUG - Пользователь 6121074409 вышел из системы
2024-11-14 13:29:16 - DEBUG - Вызвана команда start пользователем 6121074409
2024-11-14 13:29:16 - DEBUG - Отправлено стартовое меню
2024-11-14 13:29:18 - DEBUG - Начало регистрации для пользователя 6121074409
2024-11-14 13:29:25 - DEBUG - Получено ФИО: Синяков Юрий Сергеевич
2024-11-14 13:29:27 - DEBUG - Получен штрих-код: 80004370
2024-11-14 13:29:27 - INFO - Найден существующий пользователь по штрих-коду 80004370
2024-11-14 13:29:29 - DEBUG - Пользователь 6121074409 вышел из системы
2024-11-14 13:29:29 - DEBUG - Вызвана команда start пользователем 6121074409
2024-11-14 13:29:29 - DEBUG - Отправлено стартовое меню
2024-11-14 13:29:31 - DEBUG - Получен штрих-код: 70003314
2024-11-14 13:29:31 - INFO - Найден существующий пользователь по штрих-коду 70003314
2024-11-14 13:29:34 - DEBUG - Пользователь 6121074409 вышел из системы
2024-11-14 13:29:34 - DEBUG - Вызвана команда start пользователем 6121074409
2024-11-14 13:29:35 - DEBUG - Отправлено стартовое меню
2024-11-14 13:29:36 - DEBUG - Получен штрих-код: 80004370
2024-11-14 13:29:36 - INFO - Найден существующий пользователь по штрих-коду 80004370
2024-11-14 13:29:41 - DEBUG - Пользователь 6121074409 вышел из системы
2024-11-14 13:29:41 - DEBUG - Вызвана команда start пользователем 6121074409
2024-11-14 13:29:41 - DEBUG - Отправлено стартовое меню
2024-11-14 13:29:45 - DEBUG - Начало регистрации для пользователя 6121074409
2024-11-14 13:29:53 - DEBUG - Получено ФИО: Синяков Юрий Сергеевич
2024-11-14 13:29:54 - DEBUG - Получен штрих-код: 80004370
2024-11-14 13:29:54 - INFO - Найден существующий пользователь по штрих-коду 80004370
2024-11-14 13:30:01 - DEBUG - Пользователь 6121074409 вышел из системы
2024-11-14 13:30:01 - DEBUG - Вызвана команда start пользователем 6121074409
2024-11-14 13:30:01 - DEBUG - Отправлено стартовое меню
2024-11-14 13:30:03 - DEBUG - Получен штрих-код: 70003314
2024-11-14 13:30:03 - INFO - Найден существующий пользователь по штрих-коду 70003314
2024-11-14 13:30:05 - DEBUG - Пользователь 6121074409 вышел из системы
2024-11-14 13:30:05 - DEBUG - Вызвана команда start пользователем 6121074409
2024-11-14 13:30:05 - DEBUG - Отправлено стартовое меню
2024-11-14 13:30:16 - DEBUG - Получен штрих-код: 4620010492068
2024-11-14 13:32:30 - INFO - Бот остановлен пользователем
