2024-11-14 15:47:46 - INFO - Запуск бота...
2024-11-14 15:47:46 - INFO - База данных инициализирована
2024-11-14 15:47:46 - INFO - AuthHandler инициализирован
2024-11-14 15:47:47 - INFO - Приложение создано с токеном: 7892353308...
2024-11-14 15:47:47 - INFO - Добавление обработчика конверсации
2024-11-14 15:47:47 - INFO - Запуск процесса поллинга
2024-11-14 15:47:54 - DEBUG - Вызвана команда start пользователем 6121074409
2024-11-14 15:47:54 - DEBUG - Отправлено стартовое меню
2024-11-14 15:48:00 - DEBUG - Получен штрих-код: 80004370
2024-11-14 15:48:20 - DEBUG - Пользователь 6121074409 вышел из системы
2024-11-14 15:48:20 - DEBUG - Вызвана команда start пользователем 6121074409
2024-11-14 15:48:20 - DEBUG - Отправлено стартовое меню
2024-11-14 15:48:24 - DEBUG - Получен штрих-код: 70003314
2024-11-14 15:48:48 - DEBUG - Пользователь 6121074409 вышел из системы
2024-11-14 15:48:48 - DEBUG - Вызвана команда start пользователем 6121074409
2024-11-14 15:48:49 - DEBUG - Отправлено стартовое меню
2024-11-14 15:48:52 - DEBUG - Получен штрих-код: 80004370
2024-11-14 15:48:56 - DEBUG - Пользователь 6121074409 вышел из системы
2024-11-14 15:48:56 - DEBUG - Вызвана команда start пользователем 6121074409
2024-11-14 15:48:56 - DEBUG - Отправлено стартовое меню
2024-11-14 15:48:58 - DEBUG - Получен штрих-код: 80004370
2024-11-14 15:49:18 - DEBUG - Пользователь 6121074409 вышел из системы
2024-11-14 15:49:18 - DEBUG - Вызвана команда start пользователем 6121074409
2024-11-14 15:49:19 - DEBUG - Отправлено стартовое меню
2024-11-14 15:49:21 - DEBUG - Получен штрих-код: 70003314
