2024-11-14 19:01:21 - INFO - Запуск бота...
2024-11-14 19:01:21 - INFO - База данных инициализирована
2024-11-14 19:01:21 - INFO - AuthHandler инициализирован
2024-11-14 19:01:22 - INFO - Приложение создано с токеном: 7892353308...
2024-11-14 19:01:22 - INFO - Добавление обработчика конверсации
2024-11-14 19:01:22 - INFO - Запуск процесса поллинга
2024-11-14 19:01:29 - DEBUG - Вызвана команда start пользователем 6121074409
2024-11-14 19:01:29 - DEBUG - Отправлено стартовое меню
2024-11-14 19:01:52 - DEBUG - Пользователь 6121074409 вышел из системы
2024-11-14 19:01:52 - DEBUG - Вызвана команда start пользователем 6121074409
2024-11-14 19:01:52 - DEBUG - Отправлено стартовое меню
2024-11-14 19:01:56 - DEBUG - Пользователь 6121074409 вышел из системы
2024-11-14 19:01:56 - DEBUG - Вызвана команда start пользователем 6121074409
2024-11-14 19:01:56 - DEBUG - Отправлено стартовое меню
2024-11-14 19:02:01 - DEBUG - Вызвана команда start пользователем 6121074409
2024-11-14 19:02:02 - DEBUG - Отправлено стартовое меню
2024-11-14 19:02:09 - DEBUG - Пользователь 6121074409 вышел из системы
2024-11-14 19:02:09 - DEBUG - Вызвана команда start пользователем 6121074409
2024-11-14 19:02:09 - DEBUG - Отправлено стартовое меню
2024-11-14 19:02:48 - INFO - Бот остановлен пользователем
