2024-11-14 15:30:18 - INFO - Запуск бота...
2024-11-14 15:30:18 - INFO - База данных инициализирована
2024-11-14 15:30:18 - INFO - AuthHandler инициализирован
2024-11-14 15:30:19 - INFO - Приложение создано с токеном: 7892353308...
2024-11-14 15:30:19 - INFO - Добавление обработчика конверсации
2024-11-14 15:30:19 - INFO - Запуск процесса поллинга
2024-11-14 15:30:23 - DEBUG - Вызвана команда start пользователем 6121074409
2024-11-14 15:30:23 - DEBUG - Отправлено стартовое меню
2024-11-14 15:30:26 - DEBUG - Получен штрих-код: 80004370
2024-11-14 15:30:40 - DEBUG - Пользователь 6121074409 вышел из системы
2024-11-14 15:30:40 - DEBUG - Вызвана команда start пользователем 6121074409
2024-11-14 15:30:40 - DEBUG - Отправлено стартовое меню
2024-11-14 15:30:41 - DEBUG - Начало регистрации для пользователя 6121074409
2024-11-14 15:30:43 - DEBUG - Получено ФИО: вапвап
2024-11-14 15:30:46 - DEBUG - Получен штрих-код: 4680232930038
2024-11-14 15:30:56 - DEBUG - Пользователь 6121074409 вышел из системы
2024-11-14 15:30:56 - DEBUG - Вызвана команда start пользователем 6121074409
2024-11-14 15:30:56 - DEBUG - Отправлено стартовое меню
2024-11-14 15:31:01 - DEBUG - Получен штрих-код: 4620010492068
2024-11-14 15:31:06 - DEBUG - Вызвана команда start пользователем 6121074409
2024-11-14 15:31:06 - DEBUG - Отправлено стартовое меню
2024-11-14 15:31:06 - DEBUG - Начало регистрации для пользователя 6121074409
2024-11-14 15:31:09 - DEBUG - Получено ФИО: апопо
2024-11-14 15:31:11 - DEBUG - Получен штрих-код: 80004370
2024-11-14 15:31:15 - DEBUG - Получен штрих-код: 80004370
2024-11-14 15:34:10 - DEBUG - Пользователь 6121074409 вышел из системы
2024-11-14 15:34:10 - DEBUG - Вызвана команда start пользователем 6121074409
2024-11-14 15:34:10 - DEBUG - Отправлено стартовое меню
2024-11-14 15:34:12 - DEBUG - Получен штрих-код: 80004370
2024-11-14 15:40:39 - INFO - Бот остановлен пользователем
