2024-11-15 00:18:42 - INFO - Запуск бота...
2024-11-15 00:18:42 - INFO - База данных инициализирована
2024-11-15 00:18:42 - INFO - AuthHandler инициализирован
2024-11-15 00:18:43 - INFO - Приложение создано с токеном: 7892353308...
2024-11-15 00:18:43 - INFO - Добавление обработчика конверсации
2024-11-15 00:18:43 - INFO - Запуск процесса поллинга
2024-11-15 00:18:47 - DEBUG - Вызвана команда start пользователем 6121074409
2024-11-15 00:18:47 - DEBUG - Отправлено стартовое меню
2024-11-15 00:18:48 - DEBUG - Начало регистрации для пользователя 6121074409
2024-11-15 00:18:49 - DEBUG - Получено ФИО: ↩️ Назад
2024-11-15 00:18:49 - DEBUG - Вызвана команда start пользователем 6121074409
2024-11-15 00:18:49 - DEBUG - Отправлено стартовое меню
2024-11-15 00:18:51 - DEBUG - Вызвана команда start пользователем 6121074409
2024-11-15 00:18:51 - DEBUG - Отправлено стартовое меню
2024-11-15 00:18:52 - DEBUG - Вызвана команда start пользователем 6121074409
2024-11-15 00:18:53 - DEBUG - Отправлено стартовое меню
2024-11-15 00:18:54 - DEBUG - Вызвана команда start пользователем 6121074409
2024-11-15 00:18:54 - DEBUG - Отправлено стартовое меню
2024-11-15 00:18:55 - DEBUG - Начало регистрации для пользователя 6121074409
2024-11-15 00:18:56 - DEBUG - Получено ФИО: ↩️ Назад
2024-11-15 00:18:56 - DEBUG - Вызвана команда start пользователем 6121074409
2024-11-15 00:18:56 - DEBUG - Отправлено стартовое меню
2024-11-15 00:19:22 - DEBUG - Вызвана команда start пользователем 6121074409
2024-11-15 00:19:22 - DEBUG - Отправлено стартовое меню
2024-11-15 00:19:40 - DEBUG - Вызвана команда start пользователем 6121074409
2024-11-15 00:19:40 - DEBUG - Отправлено стартовое меню
2024-11-15 00:19:41 - DEBUG - Начало регистрации для пользователя 6121074409
2024-11-15 00:19:46 - DEBUG - Получено ФИО: Синяков юрий сергеевич
2024-11-15 00:19:50 - DEBUG - Получен штрих-код: 80004370
2024-11-15 00:20:23 - INFO - Бот остановлен пользователем
