2024-11-14 19:51:33 - INFO - Запуск бота...
2024-11-14 19:51:33 - INFO - База данных инициализирована
2024-11-14 19:51:33 - INFO - AuthHandler инициализирован
2024-11-14 19:51:34 - INFO - Приложение создано с токеном: 7892353308...
2024-11-14 19:51:34 - INFO - Добавление обработчика конверсации
2024-11-14 19:51:34 - INFO - Запуск процесса поллинга
2024-11-14 19:51:37 - DEBUG - Вызвана команда start пользователем 6121074409
2024-11-14 19:51:38 - DEBUG - Отправлено стартовое меню
2024-11-14 20:18:10 - DEBUG - Пользователь 6121074409 вышел из системы
2024-11-14 20:18:10 - DEBUG - Вызвана команда start пользователем 6121074409
2024-11-14 20:18:10 - DEBUG - Отправлено стартовое меню
2024-11-14 20:19:15 - DEBUG - Пользователь 6121074409 вышел из системы
2024-11-14 20:19:15 - DEBUG - Вызвана команда start пользователем 6121074409
2024-11-14 20:19:15 - DEBUG - Отправлено стартовое меню
2024-11-14 20:19:24 - DEBUG - Вызвана команда start пользователем 6121074409
2024-11-14 20:19:25 - DEBUG - Отправлено стартовое меню
2024-11-14 20:19:28 - DEBUG - Вызвана команда start пользователем 6121074409
2024-11-14 20:19:28 - DEBUG - Отправлено стартовое меню
2024-11-14 20:19:30 - DEBUG - Вызвана команда start пользователем 6121074409
2024-11-14 20:19:30 - DEBUG - Отправлено стартовое меню
2024-11-14 20:19:38 - DEBUG - Пользователь 6121074409 вышел из системы
2024-11-14 20:19:38 - DEBUG - Вызвана команда start пользователем 6121074409
2024-11-14 20:19:38 - DEBUG - Отправлено стартовое меню
2024-11-14 20:20:25 - INFO - Бот остановлен пользователем
