2024-11-14 16:16:13 - INFO - Запуск бота...
2024-11-14 16:16:13 - INFO - База данных инициализирована
2024-11-14 16:16:13 - INFO - AuthHandler инициализирован
2024-11-14 16:16:14 - INFO - Приложение создано с токеном: 7892353308...
2024-11-14 16:16:14 - INFO - Добавление обработчика конверсации
2024-11-14 16:16:14 - INFO - Запуск процесса поллинга
2024-11-14 16:16:19 - DEBUG - Вызвана команда start пользователем 6121074409
2024-11-14 16:16:19 - DEBUG - Отправлено стартовое меню
2024-11-14 16:16:31 - DEBUG - Вызвана команда start пользователем 6121074409
2024-11-14 16:16:31 - DEBUG - Отправлено стартовое меню
2024-11-14 16:16:34 - DEBUG - Вызвана команда start пользователем 6121074409
2024-11-14 16:16:34 - DEBUG - Отправлено стартовое меню
2024-11-14 16:16:44 - DEBUG - Вызвана команда start пользователем 6121074409
2024-11-14 16:16:44 - DEBUG - Отправлено стартовое меню
2024-11-14 16:18:51 - DEBUG - Вызвана команда start пользователем 6121074409
2024-11-14 16:18:52 - DEBUG - Отправлено стартовое меню
2024-11-14 16:18:55 - DEBUG - Вызвана команда start пользователем 6121074409
2024-11-14 16:18:55 - DEBUG - Отправлено стартовое меню
2024-11-14 16:19:49 - DEBUG - Пользователь 6121074409 вышел из системы
2024-11-14 16:19:49 - DEBUG - Вызвана команда start пользователем 6121074409
2024-11-14 16:19:49 - DEBUG - Отправлено стартовое меню
2024-11-14 16:26:41 - INFO - Бот остановлен пользователем
