2024-11-14 14:26:32 - INFO - Запуск бота...
2024-11-14 14:26:32 - INFO - База данных инициализирована
2024-11-14 14:26:32 - INFO - AuthHandler инициализирован
2024-11-14 14:26:33 - INFO - Приложение создано с токеном: 7892353308...
2024-11-14 14:26:33 - INFO - Добавление обработчика конверсации
2024-11-14 14:26:33 - INFO - Запуск процесса поллинга
2024-11-14 14:26:37 - DEBUG - Вызвана команда start пользователем 6121074409
2024-11-14 14:26:37 - DEBUG - Отправлено стартовое меню
2024-11-14 14:28:35 - DEBUG - Пользователь 6121074409 вышел из системы
2024-11-14 14:28:35 - DEBUG - Вызвана команда start пользователем 6121074409
2024-11-14 14:28:35 - DEBUG - Отправлено стартовое меню
2024-11-14 14:28:36 - DEBUG - Начало регистрации для пользователя 6121074409
2024-11-14 14:28:41 - DEBUG - Получено ФИО: Горбунов Дмитрий Викторович
2024-11-14 14:29:27 - DEBUG - Пользователь 6121074409 вышел из системы
2024-11-14 14:29:27 - DEBUG - Вызвана команда start пользователем 6121074409
2024-11-14 14:29:28 - DEBUG - Отправлено стартовое меню
2024-11-14 14:29:35 - DEBUG - Пользователь 6121074409 вышел из системы
2024-11-14 14:29:35 - DEBUG - Вызвана команда start пользователем 6121074409
2024-11-14 14:29:35 - DEBUG - Отправлено стартовое меню
2024-11-14 14:29:46 - DEBUG - Начало регистрации для пользователя 6121074409
2024-11-14 14:29:53 - DEBUG - Получено ФИО: Горбунов Дмитрий Викторович
2024-11-14 14:30:04 - DEBUG - Пользователь 6121074409 вышел из системы
2024-11-14 14:30:04 - DEBUG - Вызвана команда start пользователем 6121074409
2024-11-14 14:30:04 - DEBUG - Отправлено стартовое меню
2024-11-14 14:31:12 - INFO - Бот остановлен пользователем
