2024-11-14 18:59:06 - INFO - Запуск бота...
2024-11-14 18:59:06 - INFO - База данных инициализирована
2024-11-14 18:59:06 - INFO - AuthHandler инициализирован
2024-11-14 18:59:07 - INFO - Приложение создано с токеном: 7892353308...
2024-11-14 18:59:07 - INFO - Добавление обработчика конверсации
2024-11-14 18:59:07 - INFO - Запуск процесса поллинга
2024-11-14 18:59:11 - DEBUG - Вызвана команда start пользователем 6121074409
2024-11-14 18:59:11 - DEBUG - Отправлено стартовое меню
2024-11-14 19:00:13 - DEBUG - Вызвана команда start пользователем 6121074409
2024-11-14 19:00:13 - DEBUG - Отправлено стартовое меню
2024-11-14 19:00:15 - DEBUG - Начало регистрации для пользователя 6121074409
2024-11-14 19:00:17 - DEBUG - Получено ФИО: орлорлорл
2024-11-14 19:00:18 - DEBUG - Получен штрих-код: 70003314
2024-11-14 19:00:21 - DEBUG - Начало регистрации для пользователя 6121074409
2024-11-14 19:00:23 - DEBUG - Получено ФИО: ↩️ Назад
2024-11-14 19:00:23 - DEBUG - Вызвана команда start пользователем 6121074409
2024-11-14 19:00:23 - DEBUG - Отправлено стартовое меню
2024-11-14 19:00:57 - DEBUG - Пользователь 6121074409 вышел из системы
2024-11-14 19:00:57 - DEBUG - Вызвана команда start пользователем 6121074409
2024-11-14 19:00:57 - DEBUG - Отправлено стартовое меню
2024-11-14 19:01:19 - INFO - Бот остановлен пользователем
