2024-11-14 13:51:49 - INFO - Запуск бота...
2024-11-14 13:51:49 - INFO - Добавлена колонка position
2024-11-14 13:51:49 - INFO - База данных инициализирована
2024-11-14 13:51:49 - INFO - AuthHandler инициализирован
2024-11-14 13:51:50 - INFO - Приложение создано с токеном: 7892353308...
2024-11-14 13:51:50 - INFO - Добавление обработчика конверсации
2024-11-14 13:51:50 - INFO - Запуск процесса поллинга
2024-11-14 13:52:04 - DEBUG - Вызвана команда start пользователем 6121074409
2024-11-14 13:52:04 - DEBUG - Отправлено стартовое меню
2024-11-14 13:52:19 - DEBUG - Пользователь 6121074409 вышел из системы
2024-11-14 13:52:19 - DEBUG - Вызвана команда start пользователем 6121074409
2024-11-14 13:52:19 - DEBUG - Отправлено стартовое меню
2024-11-14 13:53:13 - DEBUG - Пользователь 6121074409 вышел из системы
2024-11-14 13:53:13 - DEBUG - Вызвана команда start пользователем 6121074409
2024-11-14 13:53:13 - DEBUG - Отправлено стартовое меню
2024-11-14 13:54:00 - DEBUG - Вызвана команда start пользователем 5104161932
2024-11-14 13:54:00 - DEBUG - Отправлено стартовое меню
2024-11-14 13:54:08 - DEBUG - Вызвана команда start пользователем 5104161932
2024-11-14 13:54:08 - DEBUG - Отправлено стартовое меню
2024-11-14 13:54:42 - DEBUG - Пользователь 6121074409 вышел из системы
2024-11-14 13:54:42 - DEBUG - Вызвана команда start пользователем 6121074409
2024-11-14 13:54:42 - DEBUG - Отправлено стартовое меню
