2024-11-14 20:58:55 - INFO - Запуск бота...
2024-11-14 20:58:55 - INFO - База данных инициализирована
2024-11-14 20:58:55 - INFO - AuthHandler инициализирован
2024-11-14 20:58:55 - INFO - Приложение создано с токеном: 7892353308...
2024-11-14 20:58:55 - INFO - Добавление обработчика конверсации
2024-11-14 20:58:55 - INFO - Запуск процесса поллинга
2024-11-14 20:58:59 - DEBUG - Вызвана команда start пользователем 6121074409
2024-11-14 20:58:59 - DEBUG - Отправлено стартовое меню
2024-11-14 20:59:00 - DEBUG - Начало регистрации для пользователя 6121074409
2024-11-14 20:59:03 - DEBUG - Получено ФИО: ↩️ Назад
2024-11-14 20:59:03 - DEBUG - Вызвана команда start пользователем 6121074409
2024-11-14 20:59:03 - DEBUG - Отправлено стартовое меню
2024-11-14 21:03:25 - DEBUG - Вызвана команда start пользователем 6121074409
2024-11-14 21:03:25 - DEBUG - Отправлено стартовое меню
2024-11-14 21:03:44 - DEBUG - Вызвана команда start пользователем 6121074409
2024-11-14 21:03:44 - DEBUG - Отправлено стартовое меню
2024-11-14 21:03:46 - DEBUG - Вызвана команда start пользователем 5651038191
2024-11-14 21:03:47 - DEBUG - Отправлено стартовое меню
2024-11-14 21:04:27 - DEBUG - Вызвана команда start пользователем 5897175960
2024-11-14 21:04:27 - DEBUG - Отправлено стартовое меню
2024-11-14 21:05:21 - DEBUG - Вызвана команда start пользователем 5948030667
2024-11-14 21:05:21 - DEBUG - Отправлено стартовое меню
2024-11-14 21:05:24 - DEBUG - Вызвана команда start пользователем 5948030667
2024-11-14 21:05:24 - DEBUG - Отправлено стартовое меню
2024-11-14 21:06:26 - DEBUG - Вызвана команда start пользователем 5899404475
2024-11-14 21:06:27 - DEBUG - Отправлено стартовое меню
2024-11-14 21:07:36 - DEBUG - Вызвана команда start пользователем 5940722893
2024-11-14 21:07:36 - DEBUG - Отправлено стартовое меню
2024-11-14 21:07:39 - DEBUG - Начало регистрации для пользователя 5940722893
2024-11-14 21:07:45 - DEBUG - Получено ФИО: ↩️ Назад
2024-11-14 21:07:45 - DEBUG - Вызвана команда start пользователем 5940722893
2024-11-14 21:07:45 - DEBUG - Отправлено стартовое меню
2024-11-14 21:08:53 - DEBUG - Вызвана команда start пользователем 5123364662
2024-11-14 21:08:53 - DEBUG - Отправлено стартовое меню
2024-11-14 21:08:56 - DEBUG - Начало регистрации для пользователя 5123364662
2024-11-14 21:09:04 - DEBUG - Вызвана команда start пользователем 5837309524
2024-11-14 21:09:04 - DEBUG - Отправлено стартовое меню
2024-11-14 21:09:08 - DEBUG - Вызвана команда start пользователем 1657644621
2024-11-14 21:09:08 - DEBUG - Отправлено стартовое меню
2024-11-14 21:09:21 - DEBUG - Начало регистрации для пользователя 5837309524
2024-11-14 21:10:26 - DEBUG - Получено ФИО: ↩️ Назад
2024-11-14 21:10:26 - DEBUG - Вызвана команда start пользователем 5123364662
2024-11-14 21:10:26 - DEBUG - Отправлено стартовое меню
2024-11-14 21:10:32 - DEBUG - Начало регистрации для пользователя 5123364662
2024-11-14 21:10:34 - DEBUG - Получено ФИО: Деткова Людмила Владимировна
2024-11-14 21:10:41 - DEBUG - Получено ФИО: Далецкая Ольга Вячеславовна
2024-11-14 21:10:44 - DEBUG - Получен штрих-код: 80000112
2024-11-14 21:10:59 - DEBUG - Получен штрих-код: 80001386
2024-11-14 21:11:02 - DEBUG - Вызвана команда start пользователем 5158039591
2024-11-14 21:11:02 - DEBUG - Отправлено стартовое меню
2024-11-14 21:11:32 - DEBUG - Вызвана команда start пользователем 915895835
2024-11-14 21:11:32 - DEBUG - Отправлено стартовое меню
2024-11-14 21:11:57 - DEBUG - Вызвана команда start пользователем 5857369739
2024-11-14 21:11:58 - DEBUG - Отправлено стартовое меню
2024-11-14 21:12:01 - DEBUG - Начало регистрации для пользователя 5857369739
2024-11-14 21:12:07 - DEBUG - Получено ФИО: ↩️ Назад
2024-11-14 21:12:07 - DEBUG - Вызвана команда start пользователем 5857369739
2024-11-14 21:12:07 - DEBUG - Отправлено стартовое меню
2024-11-14 21:12:10 - DEBUG - Вызвана команда start пользователем 1423739700
2024-11-14 21:12:10 - DEBUG - Отправлено стартовое меню
2024-11-14 21:13:00 - DEBUG - Вызвана команда start пользователем 5897175960
2024-11-14 21:13:00 - DEBUG - Отправлено стартовое меню
2024-11-14 21:13:08 - DEBUG - Начало регистрации для пользователя 5897175960
2024-11-14 21:13:09 - DEBUG - Вызвана команда start пользователем 915895835
2024-11-14 21:13:09 - DEBUG - Отправлено стартовое меню
2024-11-14 21:13:18 - DEBUG - Вызвана команда start пользователем 5837309524
2024-11-14 21:13:18 - DEBUG - Отправлено стартовое меню
2024-11-14 21:13:32 - DEBUG - Получено ФИО: Еланская Наталья Богдановна
2024-11-14 21:13:33 - DEBUG - Вызвана команда start пользователем 915895835
2024-11-14 21:13:33 - DEBUG - Отправлено стартовое меню
2024-11-14 21:13:51 - DEBUG - Получен штрих-код: 70002867
2024-11-14 21:14:20 - DEBUG - Вызвана команда start пользователем 5158039591
2024-11-14 21:14:20 - DEBUG - Отправлено стартовое меню
2024-11-14 21:14:26 - DEBUG - Вызвана команда start пользователем 5925802346
2024-11-14 21:14:27 - DEBUG - Отправлено стартовое меню
2024-11-14 21:14:34 - DEBUG - Вызвана команда start пользователем 6121074409
2024-11-14 21:14:34 - DEBUG - Отправлено стартовое меню
2024-11-14 21:14:39 - DEBUG - Вызвана команда start пользователем 6121074409
2024-11-14 21:14:40 - DEBUG - Отправлено стартовое меню
2024-11-14 21:14:41 - DEBUG - Начало регистрации для пользователя 6121074409
2024-11-14 21:15:20 - DEBUG - Вызвана команда start пользователем 6121074409
2024-11-14 21:15:21 - DEBUG - Отправлено стартовое меню
2024-11-14 21:15:22 - DEBUG - Начало регистрации для пользователя 6121074409
2024-11-14 21:15:27 - DEBUG - Получено ФИО: Синяков Юрий Сергеевич
2024-11-14 21:15:31 - DEBUG - Получен штрих-код: 80004370
2024-11-14 21:16:11 - DEBUG - Вызвана команда start пользователем 915895835
2024-11-14 21:16:11 - DEBUG - Отправлено стартовое меню
2024-11-14 21:16:20 - DEBUG - Вызвана команда start пользователем 5837309524
2024-11-14 21:16:21 - DEBUG - Отправлено стартовое меню
2024-11-14 21:17:01 - DEBUG - Вызвана команда start пользователем 5287307589
2024-11-14 21:17:02 - DEBUG - Отправлено стартовое меню
2024-11-14 21:17:56 - DEBUG - Вызвана команда start пользователем 5287307589
2024-11-14 21:17:56 - DEBUG - Отправлено стартовое меню
2024-11-14 21:17:58 - DEBUG - Начало регистрации для пользователя 5287307589
2024-11-14 21:18:02 - DEBUG - Вызвана команда start пользователем 5940660195
2024-11-14 21:18:02 - DEBUG - Отправлено стартовое меню
2024-11-14 21:18:13 - DEBUG - Вызвана команда start пользователем 5842994828
2024-11-14 21:18:13 - DEBUG - Отправлено стартовое меню
2024-11-14 21:18:16 - DEBUG - Начало регистрации для пользователя 5842994828
2024-11-14 21:18:18 - DEBUG - Вызвана команда start пользователем 6121074409
2024-11-14 21:18:18 - DEBUG - Отправлено стартовое меню
2024-11-14 21:18:20 - DEBUG - Получено ФИО: Мамедова-Жук 
Сабина 
Рустамовна
2024-11-14 21:18:22 - DEBUG - Вызвана команда start пользователем 5842994828
2024-11-14 21:18:22 - DEBUG - Отправлено стартовое меню
2024-11-14 21:18:30 - DEBUG - Получен штрих-код: 70003352
2024-11-14 21:19:19 - DEBUG - Вызвана команда start пользователем 1781380065
2024-11-14 21:19:19 - DEBUG - Отправлено стартовое меню
2024-11-14 21:19:39 - DEBUG - Начало регистрации для пользователя 1781380065
2024-11-14 21:19:44 - DEBUG - Вызвана команда start пользователем 5158039591
2024-11-14 21:19:44 - DEBUG - Отправлено стартовое меню
2024-11-14 21:20:30 - DEBUG - Вызвана команда start пользователем 5158039591
2024-11-14 21:20:31 - DEBUG - Отправлено стартовое меню
2024-11-14 21:20:50 - DEBUG - Получено ФИО: Портненко Анна Ивановна
2024-11-14 21:21:11 - DEBUG - Получен штрих-код: 8000 0679
2024-11-14 21:21:32 - DEBUG - Вызвана команда start пользователем 5899404475
2024-11-14 21:21:32 - DEBUG - Отправлено стартовое меню
2024-11-14 21:23:03 - DEBUG - Начало регистрации для пользователя 5899404475
2024-11-14 21:23:23 - DEBUG - Получено ФИО: Кореняк Елизавета Григорьевна
2024-11-14 21:23:26 - DEBUG - Вызвана команда start пользователем 1781380065
2024-11-14 21:23:26 - DEBUG - Отправлено стартовое меню
2024-11-14 21:23:53 - DEBUG - Получен штрих-код: 80001751
2024-11-14 21:24:24 - DEBUG - Вызвана команда start пользователем 6121074409
2024-11-14 21:24:24 - DEBUG - Отправлено стартовое меню
2024-11-14 21:24:35 - DEBUG - Вызвана команда start пользователем 5158039591
2024-11-14 21:24:36 - DEBUG - Отправлено стартовое меню
2024-11-14 21:27:37 - DEBUG - Начало регистрации для пользователя 5158039591
2024-11-14 21:27:54 - DEBUG - Получено ФИО: Шварц Валерия Дмитриевна
2024-11-14 21:28:14 - DEBUG - Получен штрих-код: 80003960
2024-11-14 21:28:17 - DEBUG - Вызвана команда start пользователем 5837309524
2024-11-14 21:28:17 - DEBUG - Отправлено стартовое меню
2024-11-14 21:28:57 - DEBUG - Начало регистрации для пользователя 5837309524
2024-11-14 21:29:22 - DEBUG - Получено ФИО: Деткова Людмила Владимировна
2024-11-14 21:29:26 - DEBUG - Пользователь 5899404475 вышел из системы
2024-11-14 21:29:26 - DEBUG - Вызвана команда start пользователем 5899404475
2024-11-14 21:29:26 - DEBUG - Отправлено стартовое меню
2024-11-14 21:29:28 - DEBUG - Получен штрих-код: 80000112
2024-11-14 21:29:53 - DEBUG - Вызвана команда start пользователем 5899404475
2024-11-14 21:29:53 - DEBUG - Отправлено стартовое меню
2024-11-14 21:30:58 - DEBUG - Вызвана команда start пользователем 6828199615
2024-11-14 21:30:59 - DEBUG - Отправлено стартовое меню
2024-11-14 21:39:13 - DEBUG - Вызвана команда start пользователем 2069268585
2024-11-14 21:39:14 - DEBUG - Отправлено стартовое меню
2024-11-14 21:39:17 - DEBUG - Начало регистрации для пользователя 2069268585
2024-11-14 21:39:27 - DEBUG - Вызвана команда start пользователем 915895835
2024-11-14 21:39:27 - DEBUG - Отправлено стартовое меню
2024-11-14 21:39:42 - DEBUG - Получено ФИО: Дзюба Елена Александровна
2024-11-14 21:40:28 - DEBUG - Получен штрих-код: 70007602
2024-11-14 21:51:53 - DEBUG - Вызвана команда start пользователем 5925802346
2024-11-14 21:51:53 - DEBUG - Отправлено стартовое меню
2024-11-14 21:52:16 - DEBUG - Вызвана команда start пользователем 5925802346
2024-11-14 21:52:17 - DEBUG - Отправлено стартовое меню
2024-11-14 21:59:32 - DEBUG - Вызвана команда start пользователем 5104161932
2024-11-14 21:59:33 - DEBUG - Отправлено стартовое меню
2024-11-14 22:01:25 - DEBUG - Вызвана команда start пользователем 5104161932
2024-11-14 22:01:25 - DEBUG - Отправлено стартовое меню
2024-11-14 22:01:27 - DEBUG - Начало регистрации для пользователя 5104161932
2024-11-14 22:01:34 - DEBUG - Получено ФИО: Горбунов Дмитрий Викторович
2024-11-14 22:01:38 - DEBUG - Получен штрих-код: 70003314
2024-11-14 22:23:14 - DEBUG - Вызвана команда start пользователем 5925802346
2024-11-14 22:23:15 - DEBUG - Отправлено стартовое меню
