2024-11-14 15:11:23 - INFO - Запуск бота...
2024-11-14 15:11:23 - INFO - База данных инициализирована
2024-11-14 15:11:23 - INFO - AuthHandler инициализирован
2024-11-14 15:11:24 - INFO - Приложение создано с токеном: 7892353308...
2024-11-14 15:11:24 - INFO - Добавление обработчика конверсации
2024-11-14 15:11:24 - INFO - Запуск процесса поллинга
2024-11-14 15:11:28 - DEBUG - Вызвана команда start пользователем 6121074409
2024-11-14 15:11:28 - DEBUG - Отправлено стартовое меню
2024-11-14 15:11:30 - DEBUG - Получен штрих-код: 80004370
2024-11-14 15:11:33 - DEBUG - Пользователь 6121074409 вышел из системы
2024-11-14 15:11:33 - DEBUG - Вызвана команда start пользователем 6121074409
2024-11-14 15:11:33 - DEBUG - Отправлено стартовое меню
2024-11-14 15:11:37 - DEBUG - Получен штрих-код: 70003314
2024-11-14 15:12:03 - DEBUG - Пользователь 6121074409 вышел из системы
2024-11-14 15:12:03 - DEBUG - Вызвана команда start пользователем 6121074409
2024-11-14 15:12:04 - DEBUG - Отправлено стартовое меню
2024-11-14 15:12:05 - DEBUG - Получен штрих-код: 80004370
2024-11-14 15:12:12 - DEBUG - Пользователь 6121074409 вышел из системы
2024-11-14 15:12:12 - DEBUG - Вызвана команда start пользователем 6121074409
2024-11-14 15:12:12 - DEBUG - Отправлено стартовое меню
2024-11-14 15:13:10 - DEBUG - Получен штрих-код: 80004370
2024-11-14 15:13:14 - DEBUG - Пользователь 6121074409 вышел из системы
2024-11-14 15:13:14 - DEBUG - Вызвана команда start пользователем 6121074409
2024-11-14 15:13:14 - DEBUG - Отправлено стартовое меню
